<?xml version="1.0" encoding="UTF-8"?>
<!-- Generated by org.testng.reporters.JUnitReportReporter -->
<testsuite hostname="DO-Tosh" name="com.googledrive.files.FilesTestCases" tests="2" failures="0" timestamp="3 Nov 2019 04:48:28 GMT" time="2.998" errors="0">
  <testcase name="getAllFiles" time="1.470" classname="com.googledrive.files.FilesTestCases"/>
  <testcase name="getAllFiles_get_files_and_then_get_first_file" time="1.528" classname="com.googledrive.files.FilesTestCases"/>
</testsuite> <!-- com.googledrive.files.FilesTestCases -->
